[0.904s] Invoking command in '/home/rafal/TrailblazerML/build/rover_teleop_twist_joy': PYTHONPATH=/home/rafal/TrailblazerML/build/rover_teleop_twist_joy/prefix_override:/home/rafal/.local/lib/python3.10/site-packages/colcon_core/task/python/colcon_distutils_commands:/home/rafal/TrailblazerML/install/rover_teleop_twist_joy/lib/python3.10/site-packages:${PYTHONPATH} /usr/bin/python3 -W ignore:setup.py install is deprecated setup.py develop --editable --build-directory /home/rafal/TrailblazerML/build/rover_teleop_twist_joy/build --no-deps symlink_data
[1.103s] running develop
[1.104s] /usr/lib/python3/dist-packages/setuptools/command/easy_install.py:158: EasyInstallDeprecationWarning: easy_install command is deprecated. Use build and pip and other standards-based tools.
[1.104s]   warnings.warn(
[1.240s] running egg_info
[1.240s] creating rover_teleop_twist_joy.egg-info
[1.240s] writing rover_teleop_twist_joy.egg-info/PKG-INFO
[1.240s] writing dependency_links to rover_teleop_twist_joy.egg-info/dependency_links.txt
[1.240s] writing entry points to rover_teleop_twist_joy.egg-info/entry_points.txt
[1.241s] writing requirements to rover_teleop_twist_joy.egg-info/requires.txt
[1.241s] writing top-level names to rover_teleop_twist_joy.egg-info/top_level.txt
[1.241s] writing manifest file 'rover_teleop_twist_joy.egg-info/SOURCES.txt'
[1.241s] reading manifest file 'rover_teleop_twist_joy.egg-info/SOURCES.txt'
[1.241s] writing manifest file 'rover_teleop_twist_joy.egg-info/SOURCES.txt'
[1.242s] running build_ext
[1.242s] Creating /home/rafal/TrailblazerML/install/rover_teleop_twist_joy/lib/python3.10/site-packages/rover-teleop-twist-joy.egg-link (link to .)
[1.243s] Installing teleop_twist_node script to /home/rafal/TrailblazerML/install/rover_teleop_twist_joy/lib/rover_teleop_twist_joy
[1.243s] 
[1.243s] Installed /home/rafal/TrailblazerML/build/rover_teleop_twist_joy
[1.243s] running symlink_data
[1.243s] creating /home/rafal/TrailblazerML/install/rover_teleop_twist_joy/share/ament_index
[1.243s] creating /home/rafal/TrailblazerML/install/rover_teleop_twist_joy/share/ament_index/resource_index
[1.243s] creating /home/rafal/TrailblazerML/install/rover_teleop_twist_joy/share/ament_index/resource_index/packages
[1.243s] symbolically linking /home/rafal/TrailblazerML/build/rover_teleop_twist_joy/resource/rover_teleop_twist_joy -> /home/rafal/TrailblazerML/install/rover_teleop_twist_joy/share/ament_index/resource_index/packages
[1.244s] symbolically linking /home/rafal/TrailblazerML/build/rover_teleop_twist_joy/package.xml -> /home/rafal/TrailblazerML/install/rover_teleop_twist_joy/share/rover_teleop_twist_joy
[1.244s] creating /home/rafal/TrailblazerML/install/rover_teleop_twist_joy/share/rover_teleop_twist_joy/launch
[1.245s] symbolically linking /home/rafal/TrailblazerML/build/rover_teleop_twist_joy/launch/teleop_twist_launch.py -> /home/rafal/TrailblazerML/install/rover_teleop_twist_joy/share/rover_teleop_twist_joy/launch
[1.269s] Invoked command in '/home/rafal/TrailblazerML/build/rover_teleop_twist_joy' returned '0': PYTHONPATH=/home/rafal/TrailblazerML/build/rover_teleop_twist_joy/prefix_override:/home/rafal/.local/lib/python3.10/site-packages/colcon_core/task/python/colcon_distutils_commands:/home/rafal/TrailblazerML/install/rover_teleop_twist_joy/lib/python3.10/site-packages:${PYTHONPATH} /usr/bin/python3 -W ignore:setup.py install is deprecated setup.py develop --editable --build-directory /home/rafal/TrailblazerML/build/rover_teleop_twist_joy/build --no-deps symlink_data
