[0.088s] DEBUG:colcon:Command line arguments: ['/home/rafal/.local/bin/colcon', 'build', '--symlink-install']
[0.088s] DEBUG:colcon:Parsed command line arguments: Namespace(log_base=None, log_level=None, verb_name='build', build_base='build', install_base='install', merge_install=False, symlink_install=True, test_result_base=None, continue_on_error=False, executor='parallel', parallel_workers=16, event_handlers=None, ignore_user_meta=False, metas=['./colcon.meta'], base_paths=['.'], packages_ignore=None, packages_ignore_regex=None, paths=None, packages_up_to=None, packages_up_to_regex=None, packages_above=None, packages_above_and_dependencies=None, packages_above_depth=None, packages_select_by_dep=None, packages_skip_by_dep=None, packages_skip_up_to=None, packages_select_build_failed=False, packages_skip_build_finished=False, packages_select_test_failures=False, packages_skip_test_passed=False, packages_select=None, packages_skip=None, packages_select_regex=None, packages_skip_regex=None, packages_start=None, packages_end=None, allow_overriding=[], cmake_args=None, cmake_target=None, cmake_target_skip_unavailable=False, cmake_clean_cache=False, cmake_clean_first=False, cmake_force_configure=False, ament_cmake_args=None, catkin_cmake_args=None, catkin_skip_building_tests=False, verb_parser=<colcon_defaults.argument_parser.defaults.DefaultArgumentsDecorator object at 0x7c8b9cd18b80>, verb_extension=<colcon_core.verb.build.BuildVerb object at 0x7c8b9ce25720>, main=<bound method BuildVerb.main of <colcon_core.verb.build.BuildVerb object at 0x7c8b9ce25720>>)
[0.204s] Level 1:colcon.colcon_core.package_discovery:discover_packages(colcon_meta) check parameters
[0.204s] Level 1:colcon.colcon_core.package_discovery:discover_packages(recursive) check parameters
[0.204s] Level 1:colcon.colcon_core.package_discovery:discover_packages(ignore) check parameters
[0.204s] Level 1:colcon.colcon_core.package_discovery:discover_packages(path) check parameters
[0.204s] Level 1:colcon.colcon_core.package_discovery:discover_packages(colcon_meta) discover
[0.204s] Level 1:colcon.colcon_core.package_discovery:discover_packages(recursive) discover
[0.204s] INFO:colcon.colcon_core.package_discovery:Crawling recursively for packages in '/home/rafal/TrailblazerML'
[0.204s] Level 1:colcon.colcon_core.package_identification:_identify(.) by extensions ['ignore', 'ignore_ament_install']
[0.204s] Level 1:colcon.colcon_core.package_identification:_identify(.) by extension 'ignore'
[0.204s] Level 1:colcon.colcon_core.package_identification:_identify(.) by extension 'ignore_ament_install'
[0.204s] Level 1:colcon.colcon_core.package_identification:_identify(.) by extensions ['colcon_pkg']
[0.204s] Level 1:colcon.colcon_core.package_identification:_identify(.) by extension 'colcon_pkg'
[0.204s] Level 1:colcon.colcon_core.package_identification:_identify(.) by extensions ['colcon_meta']
[0.204s] Level 1:colcon.colcon_core.package_identification:_identify(.) by extension 'colcon_meta'
[0.204s] Level 1:colcon.colcon_core.package_identification:_identify(.) by extensions ['ros']
[0.204s] Level 1:colcon.colcon_core.package_identification:_identify(.) by extension 'ros'
[0.212s] Level 1:colcon.colcon_core.package_identification:_identify(.) by extensions ['cmake', 'python']
[0.212s] Level 1:colcon.colcon_core.package_identification:_identify(.) by extension 'cmake'
[0.212s] Level 1:colcon.colcon_core.package_identification:_identify(.) by extension 'python'
[0.212s] Level 1:colcon.colcon_core.package_identification:_identify(.) by extensions ['python_setup_py']
[0.212s] Level 1:colcon.colcon_core.package_identification:_identify(.) by extension 'python_setup_py'
[0.212s] Level 1:colcon.colcon_core.package_identification:_identify(build) by extensions ['ignore', 'ignore_ament_install']
[0.212s] Level 1:colcon.colcon_core.package_identification:_identify(build) by extension 'ignore'
[0.212s] Level 1:colcon.colcon_core.package_identification:_identify(build) ignored
[0.212s] Level 1:colcon.colcon_core.package_identification:_identify(install) by extensions ['ignore', 'ignore_ament_install']
[0.212s] Level 1:colcon.colcon_core.package_identification:_identify(install) by extension 'ignore'
[0.212s] Level 1:colcon.colcon_core.package_identification:_identify(install) ignored
[0.212s] Level 1:colcon.colcon_core.package_identification:_identify(log) by extensions ['ignore', 'ignore_ament_install']
[0.212s] Level 1:colcon.colcon_core.package_identification:_identify(log) by extension 'ignore'
[0.212s] Level 1:colcon.colcon_core.package_identification:_identify(log) ignored
[0.212s] Level 1:colcon.colcon_core.package_identification:_identify(scripts) by extensions ['ignore', 'ignore_ament_install']
[0.212s] Level 1:colcon.colcon_core.package_identification:_identify(scripts) by extension 'ignore'
[0.212s] Level 1:colcon.colcon_core.package_identification:_identify(scripts) by extension 'ignore_ament_install'
[0.212s] Level 1:colcon.colcon_core.package_identification:_identify(scripts) by extensions ['colcon_pkg']
[0.212s] Level 1:colcon.colcon_core.package_identification:_identify(scripts) by extension 'colcon_pkg'
[0.212s] Level 1:colcon.colcon_core.package_identification:_identify(scripts) by extensions ['colcon_meta']
[0.212s] Level 1:colcon.colcon_core.package_identification:_identify(scripts) by extension 'colcon_meta'
[0.212s] Level 1:colcon.colcon_core.package_identification:_identify(scripts) by extensions ['ros']
[0.212s] Level 1:colcon.colcon_core.package_identification:_identify(scripts) by extension 'ros'
[0.213s] Level 1:colcon.colcon_core.package_identification:_identify(scripts) by extensions ['cmake', 'python']
[0.213s] Level 1:colcon.colcon_core.package_identification:_identify(scripts) by extension 'cmake'
[0.213s] Level 1:colcon.colcon_core.package_identification:_identify(scripts) by extension 'python'
[0.213s] Level 1:colcon.colcon_core.package_identification:_identify(scripts) by extensions ['python_setup_py']
[0.213s] Level 1:colcon.colcon_core.package_identification:_identify(scripts) by extension 'python_setup_py'
[0.213s] Level 1:colcon.colcon_core.package_identification:_identify(src) by extensions ['ignore', 'ignore_ament_install']
[0.213s] Level 1:colcon.colcon_core.package_identification:_identify(src) by extension 'ignore'
[0.213s] Level 1:colcon.colcon_core.package_identification:_identify(src) by extension 'ignore_ament_install'
[0.213s] Level 1:colcon.colcon_core.package_identification:_identify(src) by extensions ['colcon_pkg']
[0.213s] Level 1:colcon.colcon_core.package_identification:_identify(src) by extension 'colcon_pkg'
[0.213s] Level 1:colcon.colcon_core.package_identification:_identify(src) by extensions ['colcon_meta']
[0.213s] Level 1:colcon.colcon_core.package_identification:_identify(src) by extension 'colcon_meta'
[0.213s] Level 1:colcon.colcon_core.package_identification:_identify(src) by extensions ['ros']
[0.213s] Level 1:colcon.colcon_core.package_identification:_identify(src) by extension 'ros'
[0.213s] Level 1:colcon.colcon_core.package_identification:_identify(src) by extensions ['cmake', 'python']
[0.213s] Level 1:colcon.colcon_core.package_identification:_identify(src) by extension 'cmake'
[0.213s] Level 1:colcon.colcon_core.package_identification:_identify(src) by extension 'python'
[0.213s] Level 1:colcon.colcon_core.package_identification:_identify(src) by extensions ['python_setup_py']
[0.213s] Level 1:colcon.colcon_core.package_identification:_identify(src) by extension 'python_setup_py'
[0.213s] Level 1:colcon.colcon_core.package_identification:_identify(src/gazebo_viz) by extensions ['ignore', 'ignore_ament_install']
[0.213s] Level 1:colcon.colcon_core.package_identification:_identify(src/gazebo_viz) by extension 'ignore'
[0.213s] Level 1:colcon.colcon_core.package_identification:_identify(src/gazebo_viz) by extension 'ignore_ament_install'
[0.213s] Level 1:colcon.colcon_core.package_identification:_identify(src/gazebo_viz) by extensions ['colcon_pkg']
[0.213s] Level 1:colcon.colcon_core.package_identification:_identify(src/gazebo_viz) by extension 'colcon_pkg'
[0.213s] Level 1:colcon.colcon_core.package_identification:_identify(src/gazebo_viz) by extensions ['colcon_meta']
[0.213s] Level 1:colcon.colcon_core.package_identification:_identify(src/gazebo_viz) by extension 'colcon_meta'
[0.213s] Level 1:colcon.colcon_core.package_identification:_identify(src/gazebo_viz) by extensions ['ros']
[0.213s] Level 1:colcon.colcon_core.package_identification:_identify(src/gazebo_viz) by extension 'ros'
[0.215s] DEBUG:colcon.colcon_core.package_identification:Package 'src/gazebo_viz' with type 'ros.ament_python' and name 'gazebo_viz'
[0.215s] Level 1:colcon.colcon_core.package_identification:_identify(src/rover_teleop_twist_joy) by extensions ['ignore', 'ignore_ament_install']
[0.215s] Level 1:colcon.colcon_core.package_identification:_identify(src/rover_teleop_twist_joy) by extension 'ignore'
[0.215s] Level 1:colcon.colcon_core.package_identification:_identify(src/rover_teleop_twist_joy) by extension 'ignore_ament_install'
[0.215s] Level 1:colcon.colcon_core.package_identification:_identify(src/rover_teleop_twist_joy) by extensions ['colcon_pkg']
[0.215s] Level 1:colcon.colcon_core.package_identification:_identify(src/rover_teleop_twist_joy) by extension 'colcon_pkg'
[0.215s] Level 1:colcon.colcon_core.package_identification:_identify(src/rover_teleop_twist_joy) by extensions ['colcon_meta']
[0.215s] Level 1:colcon.colcon_core.package_identification:_identify(src/rover_teleop_twist_joy) by extension 'colcon_meta'
[0.215s] Level 1:colcon.colcon_core.package_identification:_identify(src/rover_teleop_twist_joy) by extensions ['ros']
[0.215s] Level 1:colcon.colcon_core.package_identification:_identify(src/rover_teleop_twist_joy) by extension 'ros'
[0.216s] DEBUG:colcon.colcon_core.package_identification:Package 'src/rover_teleop_twist_joy' with type 'ros.ament_python' and name 'rover_teleop_twist_joy'
[0.216s] Level 1:colcon.colcon_core.package_identification:_identify(src/trailblazerml) by extensions ['ignore', 'ignore_ament_install']
[0.216s] Level 1:colcon.colcon_core.package_identification:_identify(src/trailblazerml) by extension 'ignore'
[0.216s] Level 1:colcon.colcon_core.package_identification:_identify(src/trailblazerml) by extension 'ignore_ament_install'
[0.216s] Level 1:colcon.colcon_core.package_identification:_identify(src/trailblazerml) by extensions ['colcon_pkg']
[0.216s] Level 1:colcon.colcon_core.package_identification:_identify(src/trailblazerml) by extension 'colcon_pkg'
[0.216s] Level 1:colcon.colcon_core.package_identification:_identify(src/trailblazerml) by extensions ['colcon_meta']
[0.216s] Level 1:colcon.colcon_core.package_identification:_identify(src/trailblazerml) by extension 'colcon_meta'
[0.216s] Level 1:colcon.colcon_core.package_identification:_identify(src/trailblazerml) by extensions ['ros']
[0.216s] Level 1:colcon.colcon_core.package_identification:_identify(src/trailblazerml) by extension 'ros'
[0.216s] DEBUG:colcon.colcon_core.package_identification:Package 'src/trailblazerml' with type 'ros.ament_python' and name 'trailblazerml'
[0.216s] Level 1:colcon.colcon_core.package_discovery:discover_packages(recursive) using defaults
[0.216s] Level 1:colcon.colcon_core.package_discovery:discover_packages(ignore) discover
[0.216s] Level 1:colcon.colcon_core.package_discovery:discover_packages(ignore) using defaults
[0.216s] Level 1:colcon.colcon_core.package_discovery:discover_packages(path) discover
[0.216s] Level 1:colcon.colcon_core.package_discovery:discover_packages(path) using defaults
[0.230s] Level 1:colcon.colcon_core.package_discovery:discover_packages(prefix_path) check parameters
[0.230s] Level 1:colcon.colcon_core.package_discovery:discover_packages(prefix_path) discover
[0.231s] DEBUG:colcon.colcon_installed_package_information.package_discovery:Found 3 installed packages in /home/rafal/TrailblazerML/install
[0.232s] DEBUG:colcon.colcon_installed_package_information.package_discovery:Found 356 installed packages in /opt/ros/humble
[0.241s] Level 1:colcon.colcon_core.package_discovery:discover_packages(prefix_path) using defaults
[0.271s] Level 5:colcon.colcon_core.verb:set package 'gazebo_viz' build argument 'cmake_args' from command line to 'None'
[0.271s] Level 5:colcon.colcon_core.verb:set package 'gazebo_viz' build argument 'cmake_target' from command line to 'None'
[0.271s] Level 5:colcon.colcon_core.verb:set package 'gazebo_viz' build argument 'cmake_target_skip_unavailable' from command line to 'False'
[0.271s] Level 5:colcon.colcon_core.verb:set package 'gazebo_viz' build argument 'cmake_clean_cache' from command line to 'False'
[0.271s] Level 5:colcon.colcon_core.verb:set package 'gazebo_viz' build argument 'cmake_clean_first' from command line to 'False'
[0.271s] Level 5:colcon.colcon_core.verb:set package 'gazebo_viz' build argument 'cmake_force_configure' from command line to 'False'
[0.271s] Level 5:colcon.colcon_core.verb:set package 'gazebo_viz' build argument 'ament_cmake_args' from command line to 'None'
[0.271s] Level 5:colcon.colcon_core.verb:set package 'gazebo_viz' build argument 'catkin_cmake_args' from command line to 'None'
[0.271s] Level 5:colcon.colcon_core.verb:set package 'gazebo_viz' build argument 'catkin_skip_building_tests' from command line to 'False'
[0.271s] DEBUG:colcon.colcon_core.verb:Building package 'gazebo_viz' with the following arguments: {'ament_cmake_args': None, 'build_base': '/home/rafal/TrailblazerML/build/gazebo_viz', 'catkin_cmake_args': None, 'catkin_skip_building_tests': False, 'cmake_args': None, 'cmake_clean_cache': False, 'cmake_clean_first': False, 'cmake_force_configure': False, 'cmake_target': None, 'cmake_target_skip_unavailable': False, 'install_base': '/home/rafal/TrailblazerML/install/gazebo_viz', 'merge_install': False, 'path': '/home/rafal/TrailblazerML/src/gazebo_viz', 'symlink_install': True, 'test_result_base': None}
[0.271s] Level 5:colcon.colcon_core.verb:set package 'rover_teleop_twist_joy' build argument 'cmake_args' from command line to 'None'
[0.271s] Level 5:colcon.colcon_core.verb:set package 'rover_teleop_twist_joy' build argument 'cmake_target' from command line to 'None'
[0.271s] Level 5:colcon.colcon_core.verb:set package 'rover_teleop_twist_joy' build argument 'cmake_target_skip_unavailable' from command line to 'False'
[0.271s] Level 5:colcon.colcon_core.verb:set package 'rover_teleop_twist_joy' build argument 'cmake_clean_cache' from command line to 'False'
[0.271s] Level 5:colcon.colcon_core.verb:set package 'rover_teleop_twist_joy' build argument 'cmake_clean_first' from command line to 'False'
[0.271s] Level 5:colcon.colcon_core.verb:set package 'rover_teleop_twist_joy' build argument 'cmake_force_configure' from command line to 'False'
[0.271s] Level 5:colcon.colcon_core.verb:set package 'rover_teleop_twist_joy' build argument 'ament_cmake_args' from command line to 'None'
[0.271s] Level 5:colcon.colcon_core.verb:set package 'rover_teleop_twist_joy' build argument 'catkin_cmake_args' from command line to 'None'
[0.271s] Level 5:colcon.colcon_core.verb:set package 'rover_teleop_twist_joy' build argument 'catkin_skip_building_tests' from command line to 'False'
[0.271s] DEBUG:colcon.colcon_core.verb:Building package 'rover_teleop_twist_joy' with the following arguments: {'ament_cmake_args': None, 'build_base': '/home/rafal/TrailblazerML/build/rover_teleop_twist_joy', 'catkin_cmake_args': None, 'catkin_skip_building_tests': False, 'cmake_args': None, 'cmake_clean_cache': False, 'cmake_clean_first': False, 'cmake_force_configure': False, 'cmake_target': None, 'cmake_target_skip_unavailable': False, 'install_base': '/home/rafal/TrailblazerML/install/rover_teleop_twist_joy', 'merge_install': False, 'path': '/home/rafal/TrailblazerML/src/rover_teleop_twist_joy', 'symlink_install': True, 'test_result_base': None}
[0.271s] Level 5:colcon.colcon_core.verb:set package 'trailblazerml' build argument 'cmake_args' from command line to 'None'
[0.271s] Level 5:colcon.colcon_core.verb:set package 'trailblazerml' build argument 'cmake_target' from command line to 'None'
[0.271s] Level 5:colcon.colcon_core.verb:set package 'trailblazerml' build argument 'cmake_target_skip_unavailable' from command line to 'False'
[0.271s] Level 5:colcon.colcon_core.verb:set package 'trailblazerml' build argument 'cmake_clean_cache' from command line to 'False'
[0.271s] Level 5:colcon.colcon_core.verb:set package 'trailblazerml' build argument 'cmake_clean_first' from command line to 'False'
[0.271s] Level 5:colcon.colcon_core.verb:set package 'trailblazerml' build argument 'cmake_force_configure' from command line to 'False'
[0.271s] Level 5:colcon.colcon_core.verb:set package 'trailblazerml' build argument 'ament_cmake_args' from command line to 'None'
[0.271s] Level 5:colcon.colcon_core.verb:set package 'trailblazerml' build argument 'catkin_cmake_args' from command line to 'None'
[0.272s] Level 5:colcon.colcon_core.verb:set package 'trailblazerml' build argument 'catkin_skip_building_tests' from command line to 'False'
[0.272s] DEBUG:colcon.colcon_core.verb:Building package 'trailblazerml' with the following arguments: {'ament_cmake_args': None, 'build_base': '/home/rafal/TrailblazerML/build/trailblazerml', 'catkin_cmake_args': None, 'catkin_skip_building_tests': False, 'cmake_args': None, 'cmake_clean_cache': False, 'cmake_clean_first': False, 'cmake_force_configure': False, 'cmake_target': None, 'cmake_target_skip_unavailable': False, 'install_base': '/home/rafal/TrailblazerML/install/trailblazerml', 'merge_install': False, 'path': '/home/rafal/TrailblazerML/src/trailblazerml', 'symlink_install': True, 'test_result_base': None}
[0.272s] INFO:colcon.colcon_core.executor:Executing jobs using 'parallel' executor
[0.272s] DEBUG:colcon.colcon_parallel_executor.executor.parallel:run_until_complete
[0.273s] INFO:colcon.colcon_ros.task.ament_python.build:Building ROS package in '/home/rafal/TrailblazerML/src/gazebo_viz' with build type 'ament_python'
[0.273s] Level 1:colcon.colcon_core.shell:create_environment_hook('gazebo_viz', 'ament_prefix_path')
[0.274s] INFO:colcon.colcon_core.plugin_system:Skipping extension 'colcon_core.shell.bat': Not used on non-Windows systems
[0.274s] INFO:colcon.colcon_core.shell:Creating environment hook '/home/rafal/TrailblazerML/install/gazebo_viz/share/gazebo_viz/hook/ament_prefix_path.ps1'
[0.275s] INFO:colcon.colcon_core.shell:Creating environment descriptor '/home/rafal/TrailblazerML/install/gazebo_viz/share/gazebo_viz/hook/ament_prefix_path.dsv'
[0.275s] INFO:colcon.colcon_core.shell:Creating environment hook '/home/rafal/TrailblazerML/install/gazebo_viz/share/gazebo_viz/hook/ament_prefix_path.sh'
[0.275s] INFO:colcon.colcon_core.shell:Skip shell extension 'powershell' for command environment: Not usable outside of PowerShell
[0.276s] DEBUG:colcon.colcon_core.shell:Skip shell extension 'dsv' for command environment
[0.278s] INFO:colcon.colcon_ros.task.ament_python.build:Building ROS package in '/home/rafal/TrailblazerML/src/rover_teleop_twist_joy' with build type 'ament_python'
[0.278s] Level 1:colcon.colcon_core.shell:create_environment_hook('rover_teleop_twist_joy', 'ament_prefix_path')
[0.278s] INFO:colcon.colcon_core.shell:Creating environment hook '/home/rafal/TrailblazerML/install/rover_teleop_twist_joy/share/rover_teleop_twist_joy/hook/ament_prefix_path.ps1'
[0.279s] INFO:colcon.colcon_core.shell:Creating environment descriptor '/home/rafal/TrailblazerML/install/rover_teleop_twist_joy/share/rover_teleop_twist_joy/hook/ament_prefix_path.dsv'
[0.279s] INFO:colcon.colcon_core.shell:Creating environment hook '/home/rafal/TrailblazerML/install/rover_teleop_twist_joy/share/rover_teleop_twist_joy/hook/ament_prefix_path.sh'
[0.279s] INFO:colcon.colcon_core.shell:Skip shell extension 'powershell' for command environment: Not usable outside of PowerShell
[0.279s] DEBUG:colcon.colcon_core.shell:Skip shell extension 'dsv' for command environment
[0.282s] INFO:colcon.colcon_ros.task.ament_python.build:Building ROS package in '/home/rafal/TrailblazerML/src/trailblazerml' with build type 'ament_python'
[0.282s] Level 1:colcon.colcon_core.shell:create_environment_hook('trailblazerml', 'ament_prefix_path')
[0.282s] INFO:colcon.colcon_core.shell:Creating environment hook '/home/rafal/TrailblazerML/install/trailblazerml/share/trailblazerml/hook/ament_prefix_path.ps1'
[0.287s] INFO:colcon.colcon_core.shell:Creating environment descriptor '/home/rafal/TrailblazerML/install/trailblazerml/share/trailblazerml/hook/ament_prefix_path.dsv'
[0.287s] INFO:colcon.colcon_core.shell:Creating environment hook '/home/rafal/TrailblazerML/install/trailblazerml/share/trailblazerml/hook/ament_prefix_path.sh'
[0.288s] INFO:colcon.colcon_core.shell:Skip shell extension 'powershell' for command environment: Not usable outside of PowerShell
[0.288s] DEBUG:colcon.colcon_core.shell:Skip shell extension 'dsv' for command environment
[0.474s] INFO:colcon.colcon_core.task.python.build:Building Python package in '/home/rafal/TrailblazerML/src/gazebo_viz'
[0.474s] INFO:colcon.colcon_core.shell:Skip shell extension 'powershell' for command environment: Not usable outside of PowerShell
[0.475s] DEBUG:colcon.colcon_core.shell:Skip shell extension 'dsv' for command environment
[0.663s] INFO:colcon.colcon_core.task.python.build:Building Python package in '/home/rafal/TrailblazerML/src/rover_teleop_twist_joy'
[0.663s] INFO:colcon.colcon_core.shell:Skip shell extension 'powershell' for command environment: Not usable outside of PowerShell
[0.664s] DEBUG:colcon.colcon_core.shell:Skip shell extension 'dsv' for command environment
[0.848s] INFO:colcon.colcon_core.task.python.build:Building Python package in '/home/rafal/TrailblazerML/src/trailblazerml'
[0.849s] INFO:colcon.colcon_core.shell:Skip shell extension 'powershell' for command environment: Not usable outside of PowerShell
[0.849s] DEBUG:colcon.colcon_core.shell:Skip shell extension 'dsv' for command environment
[1.136s] DEBUG:colcon.colcon_core.event_handler.log_command:Invoking command in '/home/rafal/TrailblazerML/build/gazebo_viz': PYTHONPATH=/home/rafal/TrailblazerML/build/gazebo_viz/prefix_override:/home/rafal/.local/lib/python3.10/site-packages/colcon_core/task/python/colcon_distutils_commands:/home/rafal/TrailblazerML/install/gazebo_viz/lib/python3.10/site-packages:${PYTHONPATH} /usr/bin/python3 -W ignore:setup.py install is deprecated setup.py develop --editable --build-directory /home/rafal/TrailblazerML/build/gazebo_viz/build --no-deps symlink_data
[1.145s] DEBUG:colcon.colcon_core.event_handler.log_command:Invoking command in '/home/rafal/TrailblazerML/build/rover_teleop_twist_joy': PYTHONPATH=/home/rafal/TrailblazerML/build/rover_teleop_twist_joy/prefix_override:/home/rafal/.local/lib/python3.10/site-packages/colcon_core/task/python/colcon_distutils_commands:/home/rafal/TrailblazerML/install/rover_teleop_twist_joy/lib/python3.10/site-packages:${PYTHONPATH} /usr/bin/python3 -W ignore:setup.py install is deprecated setup.py develop --editable --build-directory /home/rafal/TrailblazerML/build/rover_teleop_twist_joy/build --no-deps symlink_data
[1.146s] DEBUG:colcon.colcon_core.event_handler.log_command:Invoking command in '/home/rafal/TrailblazerML/build/trailblazerml': PYTHONPATH=/home/rafal/TrailblazerML/build/trailblazerml/prefix_override:/home/rafal/.local/lib/python3.10/site-packages/colcon_core/task/python/colcon_distutils_commands:/home/rafal/TrailblazerML/install/trailblazerml/lib/python3.10/site-packages:${PYTHONPATH} /usr/bin/python3 -W ignore:setup.py install is deprecated setup.py develop --editable --build-directory /home/rafal/TrailblazerML/build/trailblazerml/build --no-deps symlink_data
[1.498s] Level 1:colcon.colcon_core.shell:create_environment_hook('gazebo_viz', 'pythonpath_develop')
[1.498s] INFO:colcon.colcon_core.shell:Creating environment hook '/home/rafal/TrailblazerML/build/gazebo_viz/share/gazebo_viz/hook/pythonpath_develop.ps1'
[1.498s] DEBUG:colcon.colcon_core.event_handler.log_command:Invoked command in '/home/rafal/TrailblazerML/build/gazebo_viz' returned '0': PYTHONPATH=/home/rafal/TrailblazerML/build/gazebo_viz/prefix_override:/home/rafal/.local/lib/python3.10/site-packages/colcon_core/task/python/colcon_distutils_commands:/home/rafal/TrailblazerML/install/gazebo_viz/lib/python3.10/site-packages:${PYTHONPATH} /usr/bin/python3 -W ignore:setup.py install is deprecated setup.py develop --editable --build-directory /home/rafal/TrailblazerML/build/gazebo_viz/build --no-deps symlink_data
[1.499s] INFO:colcon.colcon_core.shell:Creating environment descriptor '/home/rafal/TrailblazerML/build/gazebo_viz/share/gazebo_viz/hook/pythonpath_develop.dsv'
[1.499s] INFO:colcon.colcon_core.shell:Creating environment hook '/home/rafal/TrailblazerML/build/gazebo_viz/share/gazebo_viz/hook/pythonpath_develop.sh'
[1.501s] Level 1:colcon.colcon_core.environment:checking '/home/rafal/TrailblazerML/install/gazebo_viz' for CMake module files
[1.501s] Level 1:colcon.colcon_core.environment:checking '/home/rafal/TrailblazerML/install/gazebo_viz' for CMake config files
[1.502s] Level 1:colcon.colcon_core.environment:checking '/home/rafal/TrailblazerML/install/gazebo_viz/lib'
[1.502s] Level 1:colcon.colcon_core.environment:checking '/home/rafal/TrailblazerML/install/gazebo_viz/bin'
[1.502s] Level 1:colcon.colcon_core.environment:checking '/home/rafal/TrailblazerML/install/gazebo_viz/lib/pkgconfig/gazebo_viz.pc'
[1.502s] Level 1:colcon.colcon_core.environment:checking '/home/rafal/TrailblazerML/install/gazebo_viz/lib/python3.10/site-packages'
[1.502s] Level 1:colcon.colcon_core.shell:create_environment_hook('gazebo_viz', 'pythonpath')
[1.502s] INFO:colcon.colcon_core.shell:Creating environment hook '/home/rafal/TrailblazerML/install/gazebo_viz/share/gazebo_viz/hook/pythonpath.ps1'
[1.503s] INFO:colcon.colcon_core.shell:Creating environment descriptor '/home/rafal/TrailblazerML/install/gazebo_viz/share/gazebo_viz/hook/pythonpath.dsv'
[1.503s] INFO:colcon.colcon_core.shell:Creating environment hook '/home/rafal/TrailblazerML/install/gazebo_viz/share/gazebo_viz/hook/pythonpath.sh'
[1.504s] Level 1:colcon.colcon_core.environment:checking '/home/rafal/TrailblazerML/install/gazebo_viz/bin'
[1.504s] Level 1:colcon.colcon_core.environment:create_environment_scripts_only(gazebo_viz)
[1.504s] INFO:colcon.colcon_core.shell:Creating package script '/home/rafal/TrailblazerML/install/gazebo_viz/share/gazebo_viz/package.ps1'
[1.504s] INFO:colcon.colcon_core.shell:Creating package descriptor '/home/rafal/TrailblazerML/install/gazebo_viz/share/gazebo_viz/package.dsv'
[1.505s] INFO:colcon.colcon_core.shell:Creating package script '/home/rafal/TrailblazerML/install/gazebo_viz/share/gazebo_viz/package.sh'
[1.505s] INFO:colcon.colcon_core.shell:Creating package script '/home/rafal/TrailblazerML/install/gazebo_viz/share/gazebo_viz/package.bash'
[1.506s] INFO:colcon.colcon_core.shell:Creating package script '/home/rafal/TrailblazerML/install/gazebo_viz/share/gazebo_viz/package.zsh'
[1.506s] Level 1:colcon.colcon_core.environment:create_file_with_runtime_dependencies(/home/rafal/TrailblazerML/install/gazebo_viz/share/colcon-core/packages/gazebo_viz)
[1.509s] Level 1:colcon.colcon_core.shell:create_environment_hook('rover_teleop_twist_joy', 'pythonpath_develop')
[1.509s] DEBUG:colcon.colcon_core.event_handler.log_command:Invoked command in '/home/rafal/TrailblazerML/build/rover_teleop_twist_joy' returned '0': PYTHONPATH=/home/rafal/TrailblazerML/build/rover_teleop_twist_joy/prefix_override:/home/rafal/.local/lib/python3.10/site-packages/colcon_core/task/python/colcon_distutils_commands:/home/rafal/TrailblazerML/install/rover_teleop_twist_joy/lib/python3.10/site-packages:${PYTHONPATH} /usr/bin/python3 -W ignore:setup.py install is deprecated setup.py develop --editable --build-directory /home/rafal/TrailblazerML/build/rover_teleop_twist_joy/build --no-deps symlink_data
[1.509s] INFO:colcon.colcon_core.shell:Creating environment hook '/home/rafal/TrailblazerML/build/rover_teleop_twist_joy/share/rover_teleop_twist_joy/hook/pythonpath_develop.ps1'
[1.510s] INFO:colcon.colcon_core.shell:Creating environment descriptor '/home/rafal/TrailblazerML/build/rover_teleop_twist_joy/share/rover_teleop_twist_joy/hook/pythonpath_develop.dsv'
[1.510s] INFO:colcon.colcon_core.shell:Creating environment hook '/home/rafal/TrailblazerML/build/rover_teleop_twist_joy/share/rover_teleop_twist_joy/hook/pythonpath_develop.sh'
[1.510s] Level 1:colcon.colcon_core.environment:checking '/home/rafal/TrailblazerML/install/rover_teleop_twist_joy' for CMake module files
[1.511s] Level 1:colcon.colcon_core.environment:checking '/home/rafal/TrailblazerML/install/rover_teleop_twist_joy' for CMake config files
[1.511s] Level 1:colcon.colcon_core.environment:checking '/home/rafal/TrailblazerML/install/rover_teleop_twist_joy/lib'
[1.511s] Level 1:colcon.colcon_core.environment:checking '/home/rafal/TrailblazerML/install/rover_teleop_twist_joy/bin'
[1.511s] Level 1:colcon.colcon_core.environment:checking '/home/rafal/TrailblazerML/install/rover_teleop_twist_joy/lib/pkgconfig/rover_teleop_twist_joy.pc'
[1.511s] Level 1:colcon.colcon_core.environment:checking '/home/rafal/TrailblazerML/install/rover_teleop_twist_joy/lib/python3.10/site-packages'
[1.511s] Level 1:colcon.colcon_core.shell:create_environment_hook('rover_teleop_twist_joy', 'pythonpath')
[1.511s] INFO:colcon.colcon_core.shell:Creating environment hook '/home/rafal/TrailblazerML/install/rover_teleop_twist_joy/share/rover_teleop_twist_joy/hook/pythonpath.ps1'
[1.512s] INFO:colcon.colcon_core.shell:Creating environment descriptor '/home/rafal/TrailblazerML/install/rover_teleop_twist_joy/share/rover_teleop_twist_joy/hook/pythonpath.dsv'
[1.512s] INFO:colcon.colcon_core.shell:Creating environment hook '/home/rafal/TrailblazerML/install/rover_teleop_twist_joy/share/rover_teleop_twist_joy/hook/pythonpath.sh'
[1.512s] Level 1:colcon.colcon_core.environment:checking '/home/rafal/TrailblazerML/install/rover_teleop_twist_joy/bin'
[1.512s] Level 1:colcon.colcon_core.environment:create_environment_scripts_only(rover_teleop_twist_joy)
[1.512s] INFO:colcon.colcon_core.shell:Creating package script '/home/rafal/TrailblazerML/install/rover_teleop_twist_joy/share/rover_teleop_twist_joy/package.ps1'
[1.513s] INFO:colcon.colcon_core.shell:Creating package descriptor '/home/rafal/TrailblazerML/install/rover_teleop_twist_joy/share/rover_teleop_twist_joy/package.dsv'
[1.513s] INFO:colcon.colcon_core.shell:Creating package script '/home/rafal/TrailblazerML/install/rover_teleop_twist_joy/share/rover_teleop_twist_joy/package.sh'
[1.513s] INFO:colcon.colcon_core.shell:Creating package script '/home/rafal/TrailblazerML/install/rover_teleop_twist_joy/share/rover_teleop_twist_joy/package.bash'
[1.514s] INFO:colcon.colcon_core.shell:Creating package script '/home/rafal/TrailblazerML/install/rover_teleop_twist_joy/share/rover_teleop_twist_joy/package.zsh'
[1.514s] Level 1:colcon.colcon_core.environment:create_file_with_runtime_dependencies(/home/rafal/TrailblazerML/install/rover_teleop_twist_joy/share/colcon-core/packages/rover_teleop_twist_joy)
[1.518s] Level 1:colcon.colcon_core.shell:create_environment_hook('trailblazerml', 'pythonpath_develop')
[1.519s] INFO:colcon.colcon_core.shell:Creating environment hook '/home/rafal/TrailblazerML/build/trailblazerml/share/trailblazerml/hook/pythonpath_develop.ps1'
[1.519s] DEBUG:colcon.colcon_core.event_handler.log_command:Invoked command in '/home/rafal/TrailblazerML/build/trailblazerml' returned '0': PYTHONPATH=/home/rafal/TrailblazerML/build/trailblazerml/prefix_override:/home/rafal/.local/lib/python3.10/site-packages/colcon_core/task/python/colcon_distutils_commands:/home/rafal/TrailblazerML/install/trailblazerml/lib/python3.10/site-packages:${PYTHONPATH} /usr/bin/python3 -W ignore:setup.py install is deprecated setup.py develop --editable --build-directory /home/rafal/TrailblazerML/build/trailblazerml/build --no-deps symlink_data
[1.519s] INFO:colcon.colcon_core.shell:Creating environment descriptor '/home/rafal/TrailblazerML/build/trailblazerml/share/trailblazerml/hook/pythonpath_develop.dsv'
[1.520s] INFO:colcon.colcon_core.shell:Creating environment hook '/home/rafal/TrailblazerML/build/trailblazerml/share/trailblazerml/hook/pythonpath_develop.sh'
[1.520s] Level 1:colcon.colcon_core.environment:checking '/home/rafal/TrailblazerML/install/trailblazerml' for CMake module files
[1.520s] Level 1:colcon.colcon_core.environment:checking '/home/rafal/TrailblazerML/install/trailblazerml' for CMake config files
[1.520s] Level 1:colcon.colcon_core.environment:checking '/home/rafal/TrailblazerML/install/trailblazerml/lib'
[1.521s] Level 1:colcon.colcon_core.environment:checking '/home/rafal/TrailblazerML/install/trailblazerml/bin'
[1.521s] Level 1:colcon.colcon_core.environment:checking '/home/rafal/TrailblazerML/install/trailblazerml/lib/pkgconfig/trailblazerml.pc'
[1.521s] Level 1:colcon.colcon_core.environment:checking '/home/rafal/TrailblazerML/install/trailblazerml/lib/python3.10/site-packages'
[1.521s] Level 1:colcon.colcon_core.shell:create_environment_hook('trailblazerml', 'pythonpath')
[1.521s] INFO:colcon.colcon_core.shell:Creating environment hook '/home/rafal/TrailblazerML/install/trailblazerml/share/trailblazerml/hook/pythonpath.ps1'
[1.521s] INFO:colcon.colcon_core.shell:Creating environment descriptor '/home/rafal/TrailblazerML/install/trailblazerml/share/trailblazerml/hook/pythonpath.dsv'
[1.521s] INFO:colcon.colcon_core.shell:Creating environment hook '/home/rafal/TrailblazerML/install/trailblazerml/share/trailblazerml/hook/pythonpath.sh'
[1.522s] Level 1:colcon.colcon_core.environment:checking '/home/rafal/TrailblazerML/install/trailblazerml/bin'
[1.522s] Level 1:colcon.colcon_core.environment:create_environment_scripts_only(trailblazerml)
[1.522s] INFO:colcon.colcon_core.shell:Creating package script '/home/rafal/TrailblazerML/install/trailblazerml/share/trailblazerml/package.ps1'
[1.522s] INFO:colcon.colcon_core.shell:Creating package descriptor '/home/rafal/TrailblazerML/install/trailblazerml/share/trailblazerml/package.dsv'
[1.523s] INFO:colcon.colcon_core.shell:Creating package script '/home/rafal/TrailblazerML/install/trailblazerml/share/trailblazerml/package.sh'
[1.523s] INFO:colcon.colcon_core.shell:Creating package script '/home/rafal/TrailblazerML/install/trailblazerml/share/trailblazerml/package.bash'
[1.523s] INFO:colcon.colcon_core.shell:Creating package script '/home/rafal/TrailblazerML/install/trailblazerml/share/trailblazerml/package.zsh'
[1.523s] Level 1:colcon.colcon_core.environment:create_file_with_runtime_dependencies(/home/rafal/TrailblazerML/install/trailblazerml/share/colcon-core/packages/trailblazerml)
[1.523s] DEBUG:colcon.colcon_parallel_executor.executor.parallel:closing loop
[1.524s] DEBUG:colcon.colcon_parallel_executor.executor.parallel:loop closed
[1.524s] DEBUG:colcon.colcon_parallel_executor.executor.parallel:run_until_complete finished with '0'
[1.524s] DEBUG:colcon.colcon_core.event_reactor:joining thread
[1.528s] INFO:colcon.colcon_core.plugin_system:Skipping extension 'colcon_notification.desktop_notification.terminal_notifier': Not used on non-Darwin systems
[1.528s] INFO:colcon.colcon_core.plugin_system:Skipping extension 'colcon_notification.desktop_notification.win32': Not used on non-Windows systems
[1.528s] INFO:colcon.colcon_notification.desktop_notification:Sending desktop notification using 'notify2'
[1.538s] DEBUG:colcon.colcon_core.event_reactor:joined thread
[1.539s] INFO:colcon.colcon_core.shell:Creating prefix script '/home/rafal/TrailblazerML/install/local_setup.ps1'
[1.540s] INFO:colcon.colcon_core.shell:Creating prefix util module '/home/rafal/TrailblazerML/install/_local_setup_util_ps1.py'
[1.540s] INFO:colcon.colcon_core.shell:Creating prefix chain script '/home/rafal/TrailblazerML/install/setup.ps1'
[1.541s] INFO:colcon.colcon_core.shell:Creating prefix script '/home/rafal/TrailblazerML/install/local_setup.sh'
[1.542s] INFO:colcon.colcon_core.shell:Creating prefix util module '/home/rafal/TrailblazerML/install/_local_setup_util_sh.py'
[1.542s] INFO:colcon.colcon_core.shell:Creating prefix chain script '/home/rafal/TrailblazerML/install/setup.sh'
[1.543s] INFO:colcon.colcon_core.shell:Creating prefix script '/home/rafal/TrailblazerML/install/local_setup.bash'
[1.543s] INFO:colcon.colcon_core.shell:Creating prefix chain script '/home/rafal/TrailblazerML/install/setup.bash'
[1.543s] INFO:colcon.colcon_core.shell:Creating prefix script '/home/rafal/TrailblazerML/install/local_setup.zsh'
[1.544s] INFO:colcon.colcon_core.shell:Creating prefix chain script '/home/rafal/TrailblazerML/install/setup.zsh'
