[0.094s] DEBUG:colcon:Command line arguments: ['/usr/bin/colcon', 'build', '--symlink-install']
[0.094s] DEBUG:colcon:Parsed command line arguments: Namespace(log_base=None, log_level=None, verb_name='build', build_base='build', install_base='install', merge_install=False, symlink_install=True, test_result_base=None, continue_on_error=False, executor='parallel', parallel_workers=8, event_handlers=None, ignore_user_meta=False, metas=['./colcon.meta'], base_paths=['.'], packages_ignore=None, packages_ignore_regex=None, paths=None, packages_up_to=None, packages_up_to_regex=None, packages_above=None, packages_above_and_dependencies=None, packages_above_depth=None, packages_select_by_dep=None, packages_skip_by_dep=None, packages_skip_up_to=None, packages_select_build_failed=False, packages_skip_build_finished=False, packages_select_test_failures=False, packages_skip_test_passed=False, packages_select=None, packages_skip=None, packages_select_regex=None, packages_skip_regex=None, packages_start=None, packages_end=None, allow_overriding=[], cmake_args=None, cmake_target=None, cmake_target_skip_unavailable=False, cmake_clean_cache=False, cmake_clean_first=False, cmake_force_configure=False, ament_cmake_args=None, catkin_cmake_args=None, catkin_skip_building_tests=False, verb_parser=<colcon_defaults.argument_parser.defaults.DefaultArgumentsDecorator object at 0x785b43154250>, verb_extension=<colcon_core.verb.build.BuildVerb object at 0x785b43123400>, main=<bound method BuildVerb.main of <colcon_core.verb.build.BuildVerb object at 0x785b43123400>>)
[0.240s] Level 1:colcon.colcon_core.package_discovery:discover_packages(colcon_meta) check parameters
[0.240s] Level 1:colcon.colcon_core.package_discovery:discover_packages(recursive) check parameters
[0.240s] Level 1:colcon.colcon_core.package_discovery:discover_packages(ignore) check parameters
[0.240s] Level 1:colcon.colcon_core.package_discovery:discover_packages(path) check parameters
[0.240s] Level 1:colcon.colcon_core.package_discovery:discover_packages(colcon_meta) discover
[0.240s] Level 1:colcon.colcon_core.package_discovery:discover_packages(recursive) discover
[0.240s] INFO:colcon.colcon_core.package_discovery:Crawling recursively for packages in '/home/szaravy/RoverVIEW/TrailblazerML'
[0.240s] Level 1:colcon.colcon_core.package_identification:_identify(.) by extensions ['ignore', 'ignore_ament_install']
[0.240s] Level 1:colcon.colcon_core.package_identification:_identify(.) by extension 'ignore'
[0.241s] Level 1:colcon.colcon_core.package_identification:_identify(.) by extension 'ignore_ament_install'
[0.241s] Level 1:colcon.colcon_core.package_identification:_identify(.) by extensions ['colcon_pkg']
[0.241s] Level 1:colcon.colcon_core.package_identification:_identify(.) by extension 'colcon_pkg'
[0.241s] Level 1:colcon.colcon_core.package_identification:_identify(.) by extensions ['colcon_meta']
[0.241s] Level 1:colcon.colcon_core.package_identification:_identify(.) by extension 'colcon_meta'
[0.241s] Level 1:colcon.colcon_core.package_identification:_identify(.) by extensions ['ros']
[0.241s] Level 1:colcon.colcon_core.package_identification:_identify(.) by extension 'ros'
[0.250s] Level 1:colcon.colcon_core.package_identification:_identify(.) by extensions ['cmake', 'python']
[0.251s] Level 1:colcon.colcon_core.package_identification:_identify(.) by extension 'cmake'
[0.251s] Level 1:colcon.colcon_core.package_identification:_identify(.) by extension 'python'
[0.251s] Level 1:colcon.colcon_core.package_identification:_identify(.) by extensions ['python_setup_py']
[0.251s] Level 1:colcon.colcon_core.package_identification:_identify(.) by extension 'python_setup_py'
[0.251s] Level 1:colcon.colcon_core.package_identification:_identify(build) by extensions ['ignore', 'ignore_ament_install']
[0.251s] Level 1:colcon.colcon_core.package_identification:_identify(build) by extension 'ignore'
[0.251s] Level 1:colcon.colcon_core.package_identification:_identify(build) ignored
[0.251s] Level 1:colcon.colcon_core.package_identification:_identify(install) by extensions ['ignore', 'ignore_ament_install']
[0.251s] Level 1:colcon.colcon_core.package_identification:_identify(install) by extension 'ignore'
[0.251s] Level 1:colcon.colcon_core.package_identification:_identify(install) ignored
[0.251s] Level 1:colcon.colcon_core.package_identification:_identify(log) by extensions ['ignore', 'ignore_ament_install']
[0.251s] Level 1:colcon.colcon_core.package_identification:_identify(log) by extension 'ignore'
[0.251s] Level 1:colcon.colcon_core.package_identification:_identify(log) ignored
[0.251s] Level 1:colcon.colcon_core.package_identification:_identify(scripts) by extensions ['ignore', 'ignore_ament_install']
[0.251s] Level 1:colcon.colcon_core.package_identification:_identify(scripts) by extension 'ignore'
[0.251s] Level 1:colcon.colcon_core.package_identification:_identify(scripts) by extension 'ignore_ament_install'
[0.251s] Level 1:colcon.colcon_core.package_identification:_identify(scripts) by extensions ['colcon_pkg']
[0.252s] Level 1:colcon.colcon_core.package_identification:_identify(scripts) by extension 'colcon_pkg'
[0.252s] Level 1:colcon.colcon_core.package_identification:_identify(scripts) by extensions ['colcon_meta']
[0.252s] Level 1:colcon.colcon_core.package_identification:_identify(scripts) by extension 'colcon_meta'
[0.252s] Level 1:colcon.colcon_core.package_identification:_identify(scripts) by extensions ['ros']
[0.252s] Level 1:colcon.colcon_core.package_identification:_identify(scripts) by extension 'ros'
[0.252s] Level 1:colcon.colcon_core.package_identification:_identify(scripts) by extensions ['cmake', 'python']
[0.252s] Level 1:colcon.colcon_core.package_identification:_identify(scripts) by extension 'cmake'
[0.252s] Level 1:colcon.colcon_core.package_identification:_identify(scripts) by extension 'python'
[0.252s] Level 1:colcon.colcon_core.package_identification:_identify(scripts) by extensions ['python_setup_py']
[0.252s] Level 1:colcon.colcon_core.package_identification:_identify(scripts) by extension 'python_setup_py'
[0.252s] Level 1:colcon.colcon_core.package_identification:_identify(src) by extensions ['ignore', 'ignore_ament_install']
[0.252s] Level 1:colcon.colcon_core.package_identification:_identify(src) by extension 'ignore'
[0.252s] Level 1:colcon.colcon_core.package_identification:_identify(src) by extension 'ignore_ament_install'
[0.252s] Level 1:colcon.colcon_core.package_identification:_identify(src) by extensions ['colcon_pkg']
[0.252s] Level 1:colcon.colcon_core.package_identification:_identify(src) by extension 'colcon_pkg'
[0.252s] Level 1:colcon.colcon_core.package_identification:_identify(src) by extensions ['colcon_meta']
[0.252s] Level 1:colcon.colcon_core.package_identification:_identify(src) by extension 'colcon_meta'
[0.252s] Level 1:colcon.colcon_core.package_identification:_identify(src) by extensions ['ros']
[0.252s] Level 1:colcon.colcon_core.package_identification:_identify(src) by extension 'ros'
[0.252s] Level 1:colcon.colcon_core.package_identification:_identify(src) by extensions ['cmake', 'python']
[0.252s] Level 1:colcon.colcon_core.package_identification:_identify(src) by extension 'cmake'
[0.252s] Level 1:colcon.colcon_core.package_identification:_identify(src) by extension 'python'
[0.252s] Level 1:colcon.colcon_core.package_identification:_identify(src) by extensions ['python_setup_py']
[0.252s] Level 1:colcon.colcon_core.package_identification:_identify(src) by extension 'python_setup_py'
[0.253s] Level 1:colcon.colcon_core.package_identification:_identify(src/gazebo_viz) by extensions ['ignore', 'ignore_ament_install']
[0.253s] Level 1:colcon.colcon_core.package_identification:_identify(src/gazebo_viz) by extension 'ignore'
[0.253s] Level 1:colcon.colcon_core.package_identification:_identify(src/gazebo_viz) by extension 'ignore_ament_install'
[0.253s] Level 1:colcon.colcon_core.package_identification:_identify(src/gazebo_viz) by extensions ['colcon_pkg']
[0.253s] Level 1:colcon.colcon_core.package_identification:_identify(src/gazebo_viz) by extension 'colcon_pkg'
[0.253s] Level 1:colcon.colcon_core.package_identification:_identify(src/gazebo_viz) by extensions ['colcon_meta']
[0.253s] Level 1:colcon.colcon_core.package_identification:_identify(src/gazebo_viz) by extension 'colcon_meta'
[0.253s] Level 1:colcon.colcon_core.package_identification:_identify(src/gazebo_viz) by extensions ['ros']
[0.253s] Level 1:colcon.colcon_core.package_identification:_identify(src/gazebo_viz) by extension 'ros'
[0.255s] DEBUG:colcon.colcon_core.package_identification:Package 'src/gazebo_viz' with type 'ros.ament_python' and name 'gazebo_viz'
[0.255s] Level 1:colcon.colcon_core.package_identification:_identify(src/rover_teleop_twist_joy) by extensions ['ignore', 'ignore_ament_install']
[0.255s] Level 1:colcon.colcon_core.package_identification:_identify(src/rover_teleop_twist_joy) by extension 'ignore'
[0.255s] Level 1:colcon.colcon_core.package_identification:_identify(src/rover_teleop_twist_joy) by extension 'ignore_ament_install'
[0.255s] Level 1:colcon.colcon_core.package_identification:_identify(src/rover_teleop_twist_joy) by extensions ['colcon_pkg']
[0.255s] Level 1:colcon.colcon_core.package_identification:_identify(src/rover_teleop_twist_joy) by extension 'colcon_pkg'
[0.255s] Level 1:colcon.colcon_core.package_identification:_identify(src/rover_teleop_twist_joy) by extensions ['colcon_meta']
[0.255s] Level 1:colcon.colcon_core.package_identification:_identify(src/rover_teleop_twist_joy) by extension 'colcon_meta'
[0.255s] Level 1:colcon.colcon_core.package_identification:_identify(src/rover_teleop_twist_joy) by extensions ['ros']
[0.255s] Level 1:colcon.colcon_core.package_identification:_identify(src/rover_teleop_twist_joy) by extension 'ros'
[0.256s] DEBUG:colcon.colcon_core.package_identification:Package 'src/rover_teleop_twist_joy' with type 'ros.ament_python' and name 'rover_teleop_twist_joy'
[0.256s] Level 1:colcon.colcon_core.package_identification:_identify(src/trailblazerml) by extensions ['ignore', 'ignore_ament_install']
[0.256s] Level 1:colcon.colcon_core.package_identification:_identify(src/trailblazerml) by extension 'ignore'
[0.256s] Level 1:colcon.colcon_core.package_identification:_identify(src/trailblazerml) by extension 'ignore_ament_install'
[0.256s] Level 1:colcon.colcon_core.package_identification:_identify(src/trailblazerml) by extensions ['colcon_pkg']
[0.256s] Level 1:colcon.colcon_core.package_identification:_identify(src/trailblazerml) by extension 'colcon_pkg'
[0.256s] Level 1:colcon.colcon_core.package_identification:_identify(src/trailblazerml) by extensions ['colcon_meta']
[0.256s] Level 1:colcon.colcon_core.package_identification:_identify(src/trailblazerml) by extension 'colcon_meta'
[0.256s] Level 1:colcon.colcon_core.package_identification:_identify(src/trailblazerml) by extensions ['ros']
[0.256s] Level 1:colcon.colcon_core.package_identification:_identify(src/trailblazerml) by extension 'ros'
[0.257s] DEBUG:colcon.colcon_core.package_identification:Package 'src/trailblazerml' with type 'ros.ament_python' and name 'trailblazerml'
[0.257s] Level 1:colcon.colcon_core.package_discovery:discover_packages(recursive) using defaults
[0.257s] Level 1:colcon.colcon_core.package_discovery:discover_packages(ignore) discover
[0.257s] Level 1:colcon.colcon_core.package_discovery:discover_packages(ignore) using defaults
[0.257s] Level 1:colcon.colcon_core.package_discovery:discover_packages(path) discover
[0.257s] Level 1:colcon.colcon_core.package_discovery:discover_packages(path) using defaults
[0.274s] Level 1:colcon.colcon_core.package_discovery:discover_packages(prefix_path) check parameters
[0.275s] Level 1:colcon.colcon_core.package_discovery:discover_packages(prefix_path) discover
[0.276s] DEBUG:colcon.colcon_installed_package_information.package_discovery:Found 3 installed packages in /home/szaravy/RoverVIEW/TrailblazerML/install
[0.278s] DEBUG:colcon.colcon_installed_package_information.package_discovery:Found 338 installed packages in /opt/ros/humble
[0.288s] Level 1:colcon.colcon_core.package_discovery:discover_packages(prefix_path) using defaults
[0.325s] Level 5:colcon.colcon_core.verb:set package 'gazebo_viz' build argument 'cmake_args' from command line to 'None'
[0.325s] Level 5:colcon.colcon_core.verb:set package 'gazebo_viz' build argument 'cmake_target' from command line to 'None'
[0.325s] Level 5:colcon.colcon_core.verb:set package 'gazebo_viz' build argument 'cmake_target_skip_unavailable' from command line to 'False'
[0.325s] Level 5:colcon.colcon_core.verb:set package 'gazebo_viz' build argument 'cmake_clean_cache' from command line to 'False'
[0.325s] Level 5:colcon.colcon_core.verb:set package 'gazebo_viz' build argument 'cmake_clean_first' from command line to 'False'
[0.325s] Level 5:colcon.colcon_core.verb:set package 'gazebo_viz' build argument 'cmake_force_configure' from command line to 'False'
[0.325s] Level 5:colcon.colcon_core.verb:set package 'gazebo_viz' build argument 'ament_cmake_args' from command line to 'None'
[0.325s] Level 5:colcon.colcon_core.verb:set package 'gazebo_viz' build argument 'catkin_cmake_args' from command line to 'None'
[0.325s] Level 5:colcon.colcon_core.verb:set package 'gazebo_viz' build argument 'catkin_skip_building_tests' from command line to 'False'
[0.325s] DEBUG:colcon.colcon_core.verb:Building package 'gazebo_viz' with the following arguments: {'ament_cmake_args': None, 'build_base': '/home/szaravy/RoverVIEW/TrailblazerML/build/gazebo_viz', 'catkin_cmake_args': None, 'catkin_skip_building_tests': False, 'cmake_args': None, 'cmake_clean_cache': False, 'cmake_clean_first': False, 'cmake_force_configure': False, 'cmake_target': None, 'cmake_target_skip_unavailable': False, 'install_base': '/home/szaravy/RoverVIEW/TrailblazerML/install/gazebo_viz', 'merge_install': False, 'path': '/home/szaravy/RoverVIEW/TrailblazerML/src/gazebo_viz', 'symlink_install': True, 'test_result_base': None}
[0.325s] Level 5:colcon.colcon_core.verb:set package 'rover_teleop_twist_joy' build argument 'cmake_args' from command line to 'None'
[0.325s] Level 5:colcon.colcon_core.verb:set package 'rover_teleop_twist_joy' build argument 'cmake_target' from command line to 'None'
[0.326s] Level 5:colcon.colcon_core.verb:set package 'rover_teleop_twist_joy' build argument 'cmake_target_skip_unavailable' from command line to 'False'
[0.326s] Level 5:colcon.colcon_core.verb:set package 'rover_teleop_twist_joy' build argument 'cmake_clean_cache' from command line to 'False'
[0.326s] Level 5:colcon.colcon_core.verb:set package 'rover_teleop_twist_joy' build argument 'cmake_clean_first' from command line to 'False'
[0.326s] Level 5:colcon.colcon_core.verb:set package 'rover_teleop_twist_joy' build argument 'cmake_force_configure' from command line to 'False'
[0.326s] Level 5:colcon.colcon_core.verb:set package 'rover_teleop_twist_joy' build argument 'ament_cmake_args' from command line to 'None'
[0.326s] Level 5:colcon.colcon_core.verb:set package 'rover_teleop_twist_joy' build argument 'catkin_cmake_args' from command line to 'None'
[0.326s] Level 5:colcon.colcon_core.verb:set package 'rover_teleop_twist_joy' build argument 'catkin_skip_building_tests' from command line to 'False'
[0.326s] DEBUG:colcon.colcon_core.verb:Building package 'rover_teleop_twist_joy' with the following arguments: {'ament_cmake_args': None, 'build_base': '/home/szaravy/RoverVIEW/TrailblazerML/build/rover_teleop_twist_joy', 'catkin_cmake_args': None, 'catkin_skip_building_tests': False, 'cmake_args': None, 'cmake_clean_cache': False, 'cmake_clean_first': False, 'cmake_force_configure': False, 'cmake_target': None, 'cmake_target_skip_unavailable': False, 'install_base': '/home/szaravy/RoverVIEW/TrailblazerML/install/rover_teleop_twist_joy', 'merge_install': False, 'path': '/home/szaravy/RoverVIEW/TrailblazerML/src/rover_teleop_twist_joy', 'symlink_install': True, 'test_result_base': None}
[0.326s] Level 5:colcon.colcon_core.verb:set package 'trailblazerml' build argument 'cmake_args' from command line to 'None'
[0.326s] Level 5:colcon.colcon_core.verb:set package 'trailblazerml' build argument 'cmake_target' from command line to 'None'
[0.326s] Level 5:colcon.colcon_core.verb:set package 'trailblazerml' build argument 'cmake_target_skip_unavailable' from command line to 'False'
[0.326s] Level 5:colcon.colcon_core.verb:set package 'trailblazerml' build argument 'cmake_clean_cache' from command line to 'False'
[0.326s] Level 5:colcon.colcon_core.verb:set package 'trailblazerml' build argument 'cmake_clean_first' from command line to 'False'
[0.326s] Level 5:colcon.colcon_core.verb:set package 'trailblazerml' build argument 'cmake_force_configure' from command line to 'False'
[0.326s] Level 5:colcon.colcon_core.verb:set package 'trailblazerml' build argument 'ament_cmake_args' from command line to 'None'
[0.326s] Level 5:colcon.colcon_core.verb:set package 'trailblazerml' build argument 'catkin_cmake_args' from command line to 'None'
[0.326s] Level 5:colcon.colcon_core.verb:set package 'trailblazerml' build argument 'catkin_skip_building_tests' from command line to 'False'
[0.326s] DEBUG:colcon.colcon_core.verb:Building package 'trailblazerml' with the following arguments: {'ament_cmake_args': None, 'build_base': '/home/szaravy/RoverVIEW/TrailblazerML/build/trailblazerml', 'catkin_cmake_args': None, 'catkin_skip_building_tests': False, 'cmake_args': None, 'cmake_clean_cache': False, 'cmake_clean_first': False, 'cmake_force_configure': False, 'cmake_target': None, 'cmake_target_skip_unavailable': False, 'install_base': '/home/szaravy/RoverVIEW/TrailblazerML/install/trailblazerml', 'merge_install': False, 'path': '/home/szaravy/RoverVIEW/TrailblazerML/src/trailblazerml', 'symlink_install': True, 'test_result_base': None}
[0.326s] INFO:colcon.colcon_core.executor:Executing jobs using 'parallel' executor
[0.327s] DEBUG:colcon.colcon_parallel_executor.executor.parallel:run_until_complete
[0.328s] INFO:colcon.colcon_ros.task.ament_python.build:Building ROS package in '/home/szaravy/RoverVIEW/TrailblazerML/src/gazebo_viz' with build type 'ament_python'
[0.328s] Level 1:colcon.colcon_core.shell:create_environment_hook('gazebo_viz', 'ament_prefix_path')
[0.330s] INFO:colcon.colcon_core.plugin_system:Skipping extension 'colcon_core.shell.bat': Not used on non-Windows systems
[0.330s] INFO:colcon.colcon_core.shell:Creating environment hook '/home/szaravy/RoverVIEW/TrailblazerML/install/gazebo_viz/share/gazebo_viz/hook/ament_prefix_path.ps1'
[0.330s] INFO:colcon.colcon_core.shell:Creating environment descriptor '/home/szaravy/RoverVIEW/TrailblazerML/install/gazebo_viz/share/gazebo_viz/hook/ament_prefix_path.dsv'
[0.331s] INFO:colcon.colcon_core.shell:Creating environment hook '/home/szaravy/RoverVIEW/TrailblazerML/install/gazebo_viz/share/gazebo_viz/hook/ament_prefix_path.sh'
[0.332s] INFO:colcon.colcon_core.shell:Skip shell extension 'powershell' for command environment: Not usable outside of PowerShell
[0.332s] DEBUG:colcon.colcon_core.shell:Skip shell extension 'dsv' for command environment
[0.335s] INFO:colcon.colcon_ros.task.ament_python.build:Building ROS package in '/home/szaravy/RoverVIEW/TrailblazerML/src/rover_teleop_twist_joy' with build type 'ament_python'
[0.336s] Level 1:colcon.colcon_core.shell:create_environment_hook('rover_teleop_twist_joy', 'ament_prefix_path')
[0.336s] INFO:colcon.colcon_core.shell:Creating environment hook '/home/szaravy/RoverVIEW/TrailblazerML/install/rover_teleop_twist_joy/share/rover_teleop_twist_joy/hook/ament_prefix_path.ps1'
[0.337s] INFO:colcon.colcon_core.shell:Creating environment descriptor '/home/szaravy/RoverVIEW/TrailblazerML/install/rover_teleop_twist_joy/share/rover_teleop_twist_joy/hook/ament_prefix_path.dsv'
[0.337s] INFO:colcon.colcon_core.shell:Creating environment hook '/home/szaravy/RoverVIEW/TrailblazerML/install/rover_teleop_twist_joy/share/rover_teleop_twist_joy/hook/ament_prefix_path.sh'
[0.338s] INFO:colcon.colcon_core.shell:Skip shell extension 'powershell' for command environment: Not usable outside of PowerShell
[0.338s] DEBUG:colcon.colcon_core.shell:Skip shell extension 'dsv' for command environment
[0.342s] INFO:colcon.colcon_ros.task.ament_python.build:Building ROS package in '/home/szaravy/RoverVIEW/TrailblazerML/src/trailblazerml' with build type 'ament_python'
[0.342s] Level 1:colcon.colcon_core.shell:create_environment_hook('trailblazerml', 'ament_prefix_path')
[0.342s] INFO:colcon.colcon_core.shell:Creating environment hook '/home/szaravy/RoverVIEW/TrailblazerML/install/trailblazerml/share/trailblazerml/hook/ament_prefix_path.ps1'
[0.343s] INFO:colcon.colcon_core.shell:Creating environment descriptor '/home/szaravy/RoverVIEW/TrailblazerML/install/trailblazerml/share/trailblazerml/hook/ament_prefix_path.dsv'
[0.343s] INFO:colcon.colcon_core.shell:Creating environment hook '/home/szaravy/RoverVIEW/TrailblazerML/install/trailblazerml/share/trailblazerml/hook/ament_prefix_path.sh'
[0.344s] INFO:colcon.colcon_core.shell:Skip shell extension 'powershell' for command environment: Not usable outside of PowerShell
[0.344s] DEBUG:colcon.colcon_core.shell:Skip shell extension 'dsv' for command environment
[0.580s] INFO:colcon.colcon_core.task.python.build:Building Python package in '/home/szaravy/RoverVIEW/TrailblazerML/src/gazebo_viz'
[0.581s] INFO:colcon.colcon_core.shell:Skip shell extension 'powershell' for command environment: Not usable outside of PowerShell
[0.581s] DEBUG:colcon.colcon_core.shell:Skip shell extension 'dsv' for command environment
[0.812s] INFO:colcon.colcon_core.task.python.build:Building Python package in '/home/szaravy/RoverVIEW/TrailblazerML/src/rover_teleop_twist_joy'
[0.813s] INFO:colcon.colcon_core.shell:Skip shell extension 'powershell' for command environment: Not usable outside of PowerShell
[0.813s] DEBUG:colcon.colcon_core.shell:Skip shell extension 'dsv' for command environment
[1.057s] INFO:colcon.colcon_core.task.python.build:Building Python package in '/home/szaravy/RoverVIEW/TrailblazerML/src/trailblazerml'
[1.058s] INFO:colcon.colcon_core.shell:Skip shell extension 'powershell' for command environment: Not usable outside of PowerShell
[1.058s] DEBUG:colcon.colcon_core.shell:Skip shell extension 'dsv' for command environment
[1.397s] DEBUG:colcon.colcon_core.event_handler.log_command:Invoking command in '/home/szaravy/RoverVIEW/TrailblazerML/build/trailblazerml': PYTHONPATH=/home/szaravy/RoverVIEW/TrailblazerML/build/trailblazerml/prefix_override:/usr/lib/python3/dist-packages/colcon_core/task/python/colcon_distutils_commands:/home/szaravy/RoverVIEW/TrailblazerML/install/trailblazerml/lib/python3.10/site-packages:${PYTHONPATH} /usr/bin/python3 -W ignore:setup.py install is deprecated -W ignore:easy_install command is deprecated setup.py develop --editable --build-directory /home/szaravy/RoverVIEW/TrailblazerML/build/trailblazerml/build --no-deps symlink_data
[1.404s] DEBUG:colcon.colcon_core.event_handler.log_command:Invoking command in '/home/szaravy/RoverVIEW/TrailblazerML/build/gazebo_viz': PYTHONPATH=/home/szaravy/RoverVIEW/TrailblazerML/build/gazebo_viz/prefix_override:/usr/lib/python3/dist-packages/colcon_core/task/python/colcon_distutils_commands:/home/szaravy/RoverVIEW/TrailblazerML/install/gazebo_viz/lib/python3.10/site-packages:${PYTHONPATH} /usr/bin/python3 -W ignore:setup.py install is deprecated -W ignore:easy_install command is deprecated setup.py develop --editable --build-directory /home/szaravy/RoverVIEW/TrailblazerML/build/gazebo_viz/build --no-deps symlink_data
[1.416s] DEBUG:colcon.colcon_core.event_handler.log_command:Invoking command in '/home/szaravy/RoverVIEW/TrailblazerML/build/rover_teleop_twist_joy': PYTHONPATH=/home/szaravy/RoverVIEW/TrailblazerML/build/rover_teleop_twist_joy/prefix_override:/usr/lib/python3/dist-packages/colcon_core/task/python/colcon_distutils_commands:/home/szaravy/RoverVIEW/TrailblazerML/install/rover_teleop_twist_joy/lib/python3.10/site-packages:${PYTHONPATH} /usr/bin/python3 -W ignore:setup.py install is deprecated -W ignore:easy_install command is deprecated setup.py develop --editable --build-directory /home/szaravy/RoverVIEW/TrailblazerML/build/rover_teleop_twist_joy/build --no-deps symlink_data
[1.830s] DEBUG:colcon.colcon_core.event_handler.log_command:Invoked command in '/home/szaravy/RoverVIEW/TrailblazerML/build/gazebo_viz' returned '1': PYTHONPATH=/home/szaravy/RoverVIEW/TrailblazerML/build/gazebo_viz/prefix_override:/usr/lib/python3/dist-packages/colcon_core/task/python/colcon_distutils_commands:/home/szaravy/RoverVIEW/TrailblazerML/install/gazebo_viz/lib/python3.10/site-packages:${PYTHONPATH} /usr/bin/python3 -W ignore:setup.py install is deprecated -W ignore:easy_install command is deprecated setup.py develop --editable --build-directory /home/szaravy/RoverVIEW/TrailblazerML/build/gazebo_viz/build --no-deps symlink_data
[1.856s] DEBUG:colcon.colcon_parallel_executor.executor.parallel:closing loop
[1.856s] DEBUG:colcon.colcon_parallel_executor.executor.parallel:loop closed
[1.856s] DEBUG:colcon.colcon_parallel_executor.executor.parallel:run_until_complete finished with '1'
[1.856s] DEBUG:colcon.colcon_core.event_reactor:joining thread
[1.861s] INFO:colcon.colcon_core.plugin_system:Skipping extension 'colcon_notification.desktop_notification.terminal_notifier': Not used on non-Darwin systems
[1.862s] INFO:colcon.colcon_core.plugin_system:Skipping extension 'colcon_notification.desktop_notification.win32': Not used on non-Windows systems
[1.862s] INFO:colcon.colcon_notification.desktop_notification:Sending desktop notification using 'notify2'
[1.875s] DEBUG:colcon.colcon_core.event_reactor:joined thread
[1.875s] INFO:colcon.colcon_core.shell:Creating prefix script '/home/szaravy/RoverVIEW/TrailblazerML/install/local_setup.ps1'
[1.876s] INFO:colcon.colcon_core.shell:Creating prefix util module '/home/szaravy/RoverVIEW/TrailblazerML/install/_local_setup_util_ps1.py'
[1.878s] INFO:colcon.colcon_core.shell:Creating prefix chain script '/home/szaravy/RoverVIEW/TrailblazerML/install/setup.ps1'
[1.879s] INFO:colcon.colcon_core.shell:Creating prefix script '/home/szaravy/RoverVIEW/TrailblazerML/install/local_setup.sh'
[1.879s] INFO:colcon.colcon_core.shell:Creating prefix util module '/home/szaravy/RoverVIEW/TrailblazerML/install/_local_setup_util_sh.py'
[1.880s] INFO:colcon.colcon_core.shell:Creating prefix chain script '/home/szaravy/RoverVIEW/TrailblazerML/install/setup.sh'
[1.881s] INFO:colcon.colcon_core.shell:Creating prefix script '/home/szaravy/RoverVIEW/TrailblazerML/install/local_setup.bash'
[1.882s] INFO:colcon.colcon_core.shell:Creating prefix chain script '/home/szaravy/RoverVIEW/TrailblazerML/install/setup.bash'
[1.883s] INFO:colcon.colcon_core.shell:Creating prefix script '/home/szaravy/RoverVIEW/TrailblazerML/install/local_setup.zsh'
[1.883s] INFO:colcon.colcon_core.shell:Creating prefix chain script '/home/szaravy/RoverVIEW/TrailblazerML/install/setup.zsh'
