[0.912s] Invoking command in '/home/rafal/TrailblazerML/build/trailblazerml': PYTHONPATH=/home/rafal/TrailblazerML/build/trailblazerml/prefix_override:/home/rafal/.local/lib/python3.10/site-packages/colcon_core/task/python/colcon_distutils_commands:/home/rafal/TrailblazerML/install/trailblazerml/lib/python3.10/site-packages:${PYTHONPATH} /usr/bin/python3 -W ignore:setup.py install is deprecated setup.py develop --editable --build-directory /home/rafal/TrailblazerML/build/trailblazerml/build --no-deps symlink_data
[1.100s] running develop
[1.101s] /usr/lib/python3/dist-packages/setuptools/command/easy_install.py:158: EasyInstallDeprecationWarning: easy_install command is deprecated. Use build and pip and other standards-based tools.
[1.101s]   warnings.warn(
[1.238s] running egg_info
[1.238s] creating trailblazerml.egg-info
[1.239s] writing trailblazerml.egg-info/PKG-INFO
[1.239s] writing dependency_links to trailblazerml.egg-info/dependency_links.txt
[1.239s] writing entry points to trailblazerml.egg-info/entry_points.txt
[1.239s] writing requirements to trailblazerml.egg-info/requires.txt
[1.239s] writing top-level names to trailblazerml.egg-info/top_level.txt
[1.239s] writing manifest file 'trailblazerml.egg-info/SOURCES.txt'
[1.241s] reading manifest file 'trailblazerml.egg-info/SOURCES.txt'
[1.241s] writing manifest file 'trailblazerml.egg-info/SOURCES.txt'
[1.242s] running build_ext
[1.242s] Creating /home/rafal/TrailblazerML/install/trailblazerml/lib/python3.10/site-packages/trailblazerml.egg-link (link to .)
[1.243s] 
[1.243s] Installed /home/rafal/TrailblazerML/build/trailblazerml
[1.243s] running symlink_data
[1.243s] creating /home/rafal/TrailblazerML/install/trailblazerml/share/ament_index
[1.243s] creating /home/rafal/TrailblazerML/install/trailblazerml/share/ament_index/resource_index
[1.243s] creating /home/rafal/TrailblazerML/install/trailblazerml/share/ament_index/resource_index/packages
[1.243s] symbolically linking /home/rafal/TrailblazerML/build/trailblazerml/resource/trailblazerml -> /home/rafal/TrailblazerML/install/trailblazerml/share/ament_index/resource_index/packages
[1.243s] symbolically linking /home/rafal/TrailblazerML/build/trailblazerml/package.xml -> /home/rafal/TrailblazerML/install/trailblazerml/share/trailblazerml
[1.283s] Invoked command in '/home/rafal/TrailblazerML/build/trailblazerml' returned '0': PYTHONPATH=/home/rafal/TrailblazerML/build/trailblazerml/prefix_override:/home/rafal/.local/lib/python3.10/site-packages/colcon_core/task/python/colcon_distutils_commands:/home/rafal/TrailblazerML/install/trailblazerml/lib/python3.10/site-packages:${PYTHONPATH} /usr/bin/python3 -W ignore:setup.py install is deprecated setup.py develop --editable --build-directory /home/rafal/TrailblazerML/build/trailblazerml/build --no-deps symlink_data
