[0.741s] Invoking command in '/home/szaravy/RoverVIEW/TrailblazerML/src/gazebo_viz/build/gazebo_viz': PYTHONPATH=/home/szaravy/RoverVIEW/TrailblazerML/src/gazebo_viz/build/gazebo_viz/prefix_override:/usr/lib/python3/dist-packages/colcon_core/task/python/colcon_distutils_commands:/home/szaravy/RoverVIEW/TrailblazerML/src/gazebo_viz/install/gazebo_viz/lib/python3.10/site-packages:${PYTHONPATH} /usr/bin/python3 -W ignore:setup.py install is deprecated -W ignore:easy_install command is deprecated setup.py develop --editable --build-directory /home/szaravy/RoverVIEW/TrailblazerML/src/gazebo_viz/build/gazebo_viz/build --no-deps symlink_data
[0.974s] running develop
[1.112s] running egg_info
[1.112s] creating gazebo_viz.egg-info
[1.113s] writing gazebo_viz.egg-info/PKG-INFO
[1.113s] writing dependency_links to gazebo_viz.egg-info/dependency_links.txt
[1.113s] writing entry points to gazebo_viz.egg-info/entry_points.txt
[1.113s] writing requirements to gazebo_viz.egg-info/requires.txt
[1.113s] writing top-level names to gazebo_viz.egg-info/top_level.txt
[1.113s] writing manifest file 'gazebo_viz.egg-info/SOURCES.txt'
[1.115s] reading manifest file 'gazebo_viz.egg-info/SOURCES.txt'
[1.116s] writing manifest file 'gazebo_viz.egg-info/SOURCES.txt'
[1.117s] running build_ext
[1.117s] Creating /home/szaravy/RoverVIEW/TrailblazerML/src/gazebo_viz/install/gazebo_viz/lib/python3.10/site-packages/gazebo-viz.egg-link (link to .)
[1.118s] 
[1.118s] Installed /home/szaravy/RoverVIEW/TrailblazerML/src/gazebo_viz/build/gazebo_viz
[1.118s] running symlink_data
[1.118s] creating /home/szaravy/RoverVIEW/TrailblazerML/src/gazebo_viz/install/gazebo_viz/share/ament_index
[1.119s] creating /home/szaravy/RoverVIEW/TrailblazerML/src/gazebo_viz/install/gazebo_viz/share/ament_index/resource_index
[1.119s] creating /home/szaravy/RoverVIEW/TrailblazerML/src/gazebo_viz/install/gazebo_viz/share/ament_index/resource_index/packages
[1.119s] symbolically linking /home/szaravy/RoverVIEW/TrailblazerML/src/gazebo_viz/build/gazebo_viz/resource/gazebo_viz -> /home/szaravy/RoverVIEW/TrailblazerML/src/gazebo_viz/install/gazebo_viz/share/ament_index/resource_index/packages
[1.119s] symbolically linking /home/szaravy/RoverVIEW/TrailblazerML/src/gazebo_viz/build/gazebo_viz/package.xml -> /home/szaravy/RoverVIEW/TrailblazerML/src/gazebo_viz/install/gazebo_viz/share/gazebo_viz
[1.119s] creating /home/szaravy/RoverVIEW/TrailblazerML/src/gazebo_viz/install/gazebo_viz/share/gazebo_viz/launch
[1.119s] symbolically linking /home/szaravy/RoverVIEW/TrailblazerML/src/gazebo_viz/build/gazebo_viz/launch/rplidar.launch.py -> /home/szaravy/RoverVIEW/TrailblazerML/src/gazebo_viz/install/gazebo_viz/share/gazebo_viz/launch
[1.120s] symbolically linking /home/szaravy/RoverVIEW/TrailblazerML/src/gazebo_viz/build/gazebo_viz/launch/launch_sim.launch.py -> /home/szaravy/RoverVIEW/TrailblazerML/src/gazebo_viz/install/gazebo_viz/share/gazebo_viz/launch
[1.120s] symbolically linking /home/szaravy/RoverVIEW/TrailblazerML/src/gazebo_viz/build/gazebo_viz/launch/joystick.launch.py -> /home/szaravy/RoverVIEW/TrailblazerML/src/gazebo_viz/install/gazebo_viz/share/gazebo_viz/launch
[1.120s] symbolically linking /home/szaravy/RoverVIEW/TrailblazerML/src/gazebo_viz/build/gazebo_viz/launch/rsp.launch.py -> /home/szaravy/RoverVIEW/TrailblazerML/src/gazebo_viz/install/gazebo_viz/share/gazebo_viz/launch
[1.120s] symbolically linking /home/szaravy/RoverVIEW/TrailblazerML/src/gazebo_viz/build/gazebo_viz/launch/ball_tracker.launch.py -> /home/szaravy/RoverVIEW/TrailblazerML/src/gazebo_viz/install/gazebo_viz/share/gazebo_viz/launch
[1.120s] symbolically linking /home/szaravy/RoverVIEW/TrailblazerML/src/gazebo_viz/build/gazebo_viz/launch/localization_launch.py -> /home/szaravy/RoverVIEW/TrailblazerML/src/gazebo_viz/install/gazebo_viz/share/gazebo_viz/launch
[1.120s] symbolically linking /home/szaravy/RoverVIEW/TrailblazerML/src/gazebo_viz/build/gazebo_viz/launch/online_async_launch.py -> /home/szaravy/RoverVIEW/TrailblazerML/src/gazebo_viz/install/gazebo_viz/share/gazebo_viz/launch
[1.120s] symbolically linking /home/szaravy/RoverVIEW/TrailblazerML/src/gazebo_viz/build/gazebo_viz/launch/launch_robot.launch.py -> /home/szaravy/RoverVIEW/TrailblazerML/src/gazebo_viz/install/gazebo_viz/share/gazebo_viz/launch
[1.120s] symbolically linking /home/szaravy/RoverVIEW/TrailblazerML/src/gazebo_viz/build/gazebo_viz/launch/navigation_launch.py -> /home/szaravy/RoverVIEW/TrailblazerML/src/gazebo_viz/install/gazebo_viz/share/gazebo_viz/launch
[1.121s] symbolically linking /home/szaravy/RoverVIEW/TrailblazerML/src/gazebo_viz/build/gazebo_viz/launch/teleop_twist_keyboard.launch.py -> /home/szaravy/RoverVIEW/TrailblazerML/src/gazebo_viz/install/gazebo_viz/share/gazebo_viz/launch
[1.121s] symbolically linking /home/szaravy/RoverVIEW/TrailblazerML/src/gazebo_viz/build/gazebo_viz/launch/camera.launch.py -> /home/szaravy/RoverVIEW/TrailblazerML/src/gazebo_viz/install/gazebo_viz/share/gazebo_viz/launch
[1.121s] creating /home/szaravy/RoverVIEW/TrailblazerML/src/gazebo_viz/install/gazebo_viz/share/gazebo_viz/worlds
[1.121s] symbolically linking /home/szaravy/RoverVIEW/TrailblazerML/src/gazebo_viz/build/gazebo_viz/worlds/empty.world -> /home/szaravy/RoverVIEW/TrailblazerML/src/gazebo_viz/install/gazebo_viz/share/gazebo_viz/worlds
[1.121s] symbolically linking /home/szaravy/RoverVIEW/TrailblazerML/src/gazebo_viz/build/gazebo_viz/worlds/obstacles.world -> /home/szaravy/RoverVIEW/TrailblazerML/src/gazebo_viz/install/gazebo_viz/share/gazebo_viz/worlds
[1.121s] creating /home/szaravy/RoverVIEW/TrailblazerML/src/gazebo_viz/install/gazebo_viz/share/gazebo_viz/description
[1.122s] symbolically linking /home/szaravy/RoverVIEW/TrailblazerML/src/gazebo_viz/build/gazebo_viz/description/camera.xacro -> /home/szaravy/RoverVIEW/TrailblazerML/src/gazebo_viz/install/gazebo_viz/share/gazebo_viz/description
[1.122s] symbolically linking /home/szaravy/RoverVIEW/TrailblazerML/src/gazebo_viz/build/gazebo_viz/description/face.xacro -> /home/szaravy/RoverVIEW/TrailblazerML/src/gazebo_viz/install/gazebo_viz/share/gazebo_viz/description
[1.122s] symbolically linking /home/szaravy/RoverVIEW/TrailblazerML/src/gazebo_viz/build/gazebo_viz/description/robot_core.xacro -> /home/szaravy/RoverVIEW/TrailblazerML/src/gazebo_viz/install/gazebo_viz/share/gazebo_viz/description
[1.122s] symbolically linking /home/szaravy/RoverVIEW/TrailblazerML/src/gazebo_viz/build/gazebo_viz/description/robot.urdf.xacro -> /home/szaravy/RoverVIEW/TrailblazerML/src/gazebo_viz/install/gazebo_viz/share/gazebo_viz/description
[1.122s] symbolically linking /home/szaravy/RoverVIEW/TrailblazerML/src/gazebo_viz/build/gazebo_viz/description/lidar.xacro -> /home/szaravy/RoverVIEW/TrailblazerML/src/gazebo_viz/install/gazebo_viz/share/gazebo_viz/description
[1.122s] symbolically linking /home/szaravy/RoverVIEW/TrailblazerML/src/gazebo_viz/build/gazebo_viz/description/depth_camera.xacro -> /home/szaravy/RoverVIEW/TrailblazerML/src/gazebo_viz/install/gazebo_viz/share/gazebo_viz/description
[1.122s] symbolically linking /home/szaravy/RoverVIEW/TrailblazerML/src/gazebo_viz/build/gazebo_viz/description/gazebo_control.xacro -> /home/szaravy/RoverVIEW/TrailblazerML/src/gazebo_viz/install/gazebo_viz/share/gazebo_viz/description
[1.122s] symbolically linking /home/szaravy/RoverVIEW/TrailblazerML/src/gazebo_viz/build/gazebo_viz/description/ros2_control.xacro -> /home/szaravy/RoverVIEW/TrailblazerML/src/gazebo_viz/install/gazebo_viz/share/gazebo_viz/description
[1.123s] symbolically linking /home/szaravy/RoverVIEW/TrailblazerML/src/gazebo_viz/build/gazebo_viz/description/inertial_macros.xacro -> /home/szaravy/RoverVIEW/TrailblazerML/src/gazebo_viz/install/gazebo_viz/share/gazebo_viz/description
[1.123s] creating /home/szaravy/RoverVIEW/TrailblazerML/src/gazebo_viz/install/gazebo_viz/share/gazebo_viz/config
[1.123s] symbolically linking /home/szaravy/RoverVIEW/TrailblazerML/src/gazebo_viz/build/gazebo_viz/config/joystick.yaml -> /home/szaravy/RoverVIEW/TrailblazerML/src/gazebo_viz/install/gazebo_viz/share/gazebo_viz/config
[1.123s] symbolically linking /home/szaravy/RoverVIEW/TrailblazerML/src/gazebo_viz/build/gazebo_viz/config/gaz_ros2_ctl_use_sim.yaml -> /home/szaravy/RoverVIEW/TrailblazerML/src/gazebo_viz/install/gazebo_viz/share/gazebo_viz/config
[1.123s] symbolically linking /home/szaravy/RoverVIEW/TrailblazerML/src/gazebo_viz/build/gazebo_viz/config/my_controllers_left.yaml -> /home/szaravy/RoverVIEW/TrailblazerML/src/gazebo_viz/install/gazebo_viz/share/gazebo_viz/config
[1.123s] symbolically linking /home/szaravy/RoverVIEW/TrailblazerML/src/gazebo_viz/build/gazebo_viz/config/ball_tracker_params_sim.yaml -> /home/szaravy/RoverVIEW/TrailblazerML/src/gazebo_viz/install/gazebo_viz/share/gazebo_viz/config
[1.124s] symbolically linking /home/szaravy/RoverVIEW/TrailblazerML/src/gazebo_viz/build/gazebo_viz/config/gazebo_params.yaml -> /home/szaravy/RoverVIEW/TrailblazerML/src/gazebo_viz/install/gazebo_viz/share/gazebo_viz/config
[1.124s] symbolically linking /home/szaravy/RoverVIEW/TrailblazerML/src/gazebo_viz/build/gazebo_viz/config/empty.yaml -> /home/szaravy/RoverVIEW/TrailblazerML/src/gazebo_viz/install/gazebo_viz/share/gazebo_viz/config
[1.124s] symbolically linking /home/szaravy/RoverVIEW/TrailblazerML/src/gazebo_viz/build/gazebo_viz/config/mapper_params_online_async.yaml -> /home/szaravy/RoverVIEW/TrailblazerML/src/gazebo_viz/install/gazebo_viz/share/gazebo_viz/config
[1.124s] symbolically linking /home/szaravy/RoverVIEW/TrailblazerML/src/gazebo_viz/build/gazebo_viz/config/ball_tracker_params_robot.yaml -> /home/szaravy/RoverVIEW/TrailblazerML/src/gazebo_viz/install/gazebo_viz/share/gazebo_viz/config
[1.124s] symbolically linking /home/szaravy/RoverVIEW/TrailblazerML/src/gazebo_viz/build/gazebo_viz/config/twist_mux.yaml -> /home/szaravy/RoverVIEW/TrailblazerML/src/gazebo_viz/install/gazebo_viz/share/gazebo_viz/config
[1.124s] symbolically linking /home/szaravy/RoverVIEW/TrailblazerML/src/gazebo_viz/build/gazebo_viz/config/my_controllers.yaml -> /home/szaravy/RoverVIEW/TrailblazerML/src/gazebo_viz/install/gazebo_viz/share/gazebo_viz/config
[1.124s] symbolically linking /home/szaravy/RoverVIEW/TrailblazerML/src/gazebo_viz/build/gazebo_viz/config/nav2_params.yaml -> /home/szaravy/RoverVIEW/TrailblazerML/src/gazebo_viz/install/gazebo_viz/share/gazebo_viz/config
[1.124s] symbolically linking /home/szaravy/RoverVIEW/TrailblazerML/src/gazebo_viz/build/gazebo_viz/config/my_controllers_right.yaml -> /home/szaravy/RoverVIEW/TrailblazerML/src/gazebo_viz/install/gazebo_viz/share/gazebo_viz/config
[1.124s] creating /home/szaravy/RoverVIEW/TrailblazerML/src/gazebo_viz/install/gazebo_viz/share/gazebo_viz/meshes
[1.124s] symbolically linking /home/szaravy/RoverVIEW/TrailblazerML/src/gazebo_viz/build/gazebo_viz/meshes/body.stl -> /home/szaravy/RoverVIEW/TrailblazerML/src/gazebo_viz/install/gazebo_viz/share/gazebo_viz/meshes
[1.124s] symbolically linking /home/szaravy/RoverVIEW/TrailblazerML/src/gazebo_viz/build/gazebo_viz/meshes/wheel_left.stl -> /home/szaravy/RoverVIEW/TrailblazerML/src/gazebo_viz/install/gazebo_viz/share/gazebo_viz/meshes
[1.124s] symbolically linking /home/szaravy/RoverVIEW/TrailblazerML/src/gazebo_viz/build/gazebo_viz/meshes/wheel_right.stl -> /home/szaravy/RoverVIEW/TrailblazerML/src/gazebo_viz/install/gazebo_viz/share/gazebo_viz/meshes
[1.148s] Invoked command in '/home/szaravy/RoverVIEW/TrailblazerML/src/gazebo_viz/build/gazebo_viz' returned '0': PYTHONPATH=/home/szaravy/RoverVIEW/TrailblazerML/src/gazebo_viz/build/gazebo_viz/prefix_override:/usr/lib/python3/dist-packages/colcon_core/task/python/colcon_distutils_commands:/home/szaravy/RoverVIEW/TrailblazerML/src/gazebo_viz/install/gazebo_viz/lib/python3.10/site-packages:${PYTHONPATH} /usr/bin/python3 -W ignore:setup.py install is deprecated -W ignore:easy_install command is deprecated setup.py develop --editable --build-directory /home/szaravy/RoverVIEW/TrailblazerML/src/gazebo_viz/build/gazebo_viz/build --no-deps symlink_data
